0 info it worked if it ends with ok
1 verbose cli [ '/usr/bin/nodejs',
1 verbose cli   '/usr/bin/npm',
1 verbose cli   'install',
1 verbose cli   '@shopify/draggable' ]
2 info using npm@1.4.21
3 info using node@v0.10.42
4 verbose cache add [ '@shopify/draggable', null ]
5 verbose cache add name=undefined spec="@shopify/draggable" args=["@shopify/draggable",null]
6 verbose parsed url { protocol: null,
6 verbose parsed url   slashes: null,
6 verbose parsed url   auth: null,
6 verbose parsed url   host: null,
6 verbose parsed url   port: null,
6 verbose parsed url   hostname: null,
6 verbose parsed url   hash: null,
6 verbose parsed url   search: null,
6 verbose parsed url   query: null,
6 verbose parsed url   pathname: '@shopify/draggable',
6 verbose parsed url   path: '@shopify/draggable',
6 verbose parsed url   href: '@shopify/draggable' }
7 verbose cache add name="" spec="shopify/draggable" args=["","shopify/draggable"]
8 verbose parsed url { protocol: null,
8 verbose parsed url   slashes: null,
8 verbose parsed url   auth: null,
8 verbose parsed url   host: null,
8 verbose parsed url   port: null,
8 verbose parsed url   hostname: null,
8 verbose parsed url   hash: null,
8 verbose parsed url   search: null,
8 verbose parsed url   query: null,
8 verbose parsed url   pathname: 'shopify/draggable',
8 verbose parsed url   path: 'shopify/draggable',
8 verbose parsed url   href: 'shopify/draggable' }
9 silly lockFile de6644fe-shopify-draggable shopify/draggable
10 verbose lock shopify/draggable /home/machinekit/.npm/de6644fe-shopify-draggable.lock
11 info maybeGithub Attempting shopify/draggable from git://github.com/shopify/draggable
12 silly lockFile d9c32945-git-github-com-shopify-draggable git://github.com/shopify/draggable
13 verbose lock git://github.com/shopify/draggable /home/machinekit/.npm/d9c32945-git-github-com-shopify-draggable.lock
14 verbose addRemoteGit [ 'git://github.com/shopify/draggable', 'master' ]
15 verbose git clone git://github.com/shopify/draggable Cloning into bare repository '/home/machinekit/.npm/_git-remotes/git-github-com-shopify-draggable-d9c32945'...
16 verbose git fetch -a origin (git://github.com/shopify/draggable)
17 verbose git rev-list -n1 master 60fb9cc886f98746e150dcebbf72bdae2495ebf1
18 verbose resolved git url git://github.com/shopify/draggable#60fb9cc886f98746e150dcebbf72bdae2495ebf1
19 verbose tar unpack /tmp/npm-14134-ALVoRxBA/1569333095587-0.7152845128439367/tmp.tgz
20 silly lockFile a75a6752--7152845128439367-tmp-tgz-unpack tar:///tmp/npm-14134-ALVoRxBA/1569333095587-0.7152845128439367/tmp.tgz-unpack
21 verbose lock tar:///tmp/npm-14134-ALVoRxBA/1569333095587-0.7152845128439367/tmp.tgz-unpack /home/machinekit/.npm/a75a6752--7152845128439367-tmp-tgz-unpack.lock
22 silly lockFile a078fcfb-95587-0-7152845128439367-tmp-tgz tar:///tmp/npm-14134-ALVoRxBA/1569333095587-0.7152845128439367/tmp.tgz
23 verbose lock tar:///tmp/npm-14134-ALVoRxBA/1569333095587-0.7152845128439367/tmp.tgz /home/machinekit/.npm/a078fcfb-95587-0-7152845128439367-tmp-tgz.lock
24 silly gunzTarPerm modes [ '755', '644' ]
25 silly gunzTarPerm extractEntry
26 silly gunzTarPerm modified mode [ '', 509, 493 ]
27 silly gunzTarPerm extractEntry .babelrc
28 silly gunzTarPerm modified mode [ '.babelrc', 436, 420 ]
29 silly gunzTarPerm extractEntry .circleci/
30 silly gunzTarPerm modified mode [ '.circleci/', 509, 493 ]
31 silly gunzTarPerm extractEntry .circleci/config.yml
32 silly gunzTarPerm modified mode [ '.circleci/config.yml', 436, 420 ]
33 silly gunzTarPerm extractEntry .editorconfig
34 silly gunzTarPerm modified mode [ '.editorconfig', 436, 420 ]
35 silly gunzTarPerm extractEntry .eslintrc.js
36 silly gunzTarPerm modified mode [ '.eslintrc.js', 436, 420 ]
37 silly gunzTarPerm extractEntry .github/
38 silly gunzTarPerm modified mode [ '.github/', 509, 493 ]
39 silly gunzTarPerm extractEntry .github/.probots.yml
40 silly gunzTarPerm modified mode [ '.github/.probots.yml', 436, 420 ]
41 silly gunzTarPerm extractEntry .github/ISSUE_TEMPLATE.md
42 silly gunzTarPerm modified mode [ '.github/ISSUE_TEMPLATE.md', 436, 420 ]
43 silly gunzTarPerm extractEntry .github/PULL_REQUEST_TEMPLATE.md
44 silly gunzTarPerm modified mode [ '.github/PULL_REQUEST_TEMPLATE.md', 436, 420 ]
45 silly gunzTarPerm extractEntry .gitignore
46 silly gunzTarPerm modified mode [ '.gitignore', 436, 420 ]
47 silly gunzTarPerm extractEntry .nvmrc
48 silly gunzTarPerm modified mode [ '.nvmrc', 436, 420 ]
49 silly gunzTarPerm extractEntry .prettierrc
50 silly gunzTarPerm modified mode [ '.prettierrc', 436, 420 ]
51 silly gunzTarPerm extractEntry .vscode/
52 silly gunzTarPerm modified mode [ '.vscode/', 509, 493 ]
53 silly gunzTarPerm extractEntry .vscode/extensions.json
54 silly gunzTarPerm modified mode [ '.vscode/extensions.json', 436, 420 ]
55 silly gunzTarPerm extractEntry .vscode/launch.json
56 silly gunzTarPerm modified mode [ '.vscode/launch.json', 436, 420 ]
57 silly gunzTarPerm extractEntry .vscode/settings.json
58 silly gunzTarPerm modified mode [ '.vscode/settings.json', 436, 420 ]
59 silly gunzTarPerm extractEntry AUTHORS
60 silly gunzTarPerm modified mode [ 'AUTHORS', 436, 420 ]
61 silly gunzTarPerm extractEntry CHANGELOG.md
62 silly gunzTarPerm modified mode [ 'CHANGELOG.md', 436, 420 ]
63 silly gunzTarPerm extractEntry CODE_OF_CONDUCT.md
64 silly gunzTarPerm modified mode [ 'CODE_OF_CONDUCT.md', 436, 420 ]
65 silly gunzTarPerm extractEntry CONTRIBUTING.md
66 silly gunzTarPerm modified mode [ 'CONTRIBUTING.md', 436, 420 ]
67 silly gunzTarPerm extractEntry LICENSE.md
68 silly gunzTarPerm modified mode [ 'LICENSE.md', 436, 420 ]
69 silly gunzTarPerm extractEntry README.md
70 silly gunzTarPerm modified mode [ 'README.md', 436, 420 ]
71 silly gunzTarPerm extractEntry config.json
72 silly gunzTarPerm modified mode [ 'config.json', 436, 420 ]
73 silly gunzTarPerm extractEntry esdoc.json
74 silly gunzTarPerm modified mode [ 'esdoc.json', 436, 420 ]
75 silly gunzTarPerm extractEntry examples/
76 silly gunzTarPerm modified mode [ 'examples/', 509, 493 ]
77 silly gunzTarPerm extractEntry examples/.babelrc
78 silly gunzTarPerm modified mode [ 'examples/.babelrc', 436, 420 ]
79 silly gunzTarPerm extractEntry examples/.browserslistrc
80 silly gunzTarPerm modified mode [ 'examples/.browserslistrc', 436, 420 ]
81 silly gunzTarPerm extractEntry examples/.eslintignore
82 silly gunzTarPerm modified mode [ 'examples/.eslintignore', 436, 420 ]
83 silly gunzTarPerm extractEntry examples/.eslintrc.js
84 silly gunzTarPerm modified mode [ 'examples/.eslintrc.js', 436, 420 ]
85 silly gunzTarPerm extractEntry examples/.gitignore
86 silly gunzTarPerm modified mode [ 'examples/.gitignore', 436, 420 ]
87 silly gunzTarPerm extractEntry examples/.nvmrc
88 silly gunzTarPerm modified mode [ 'examples/.nvmrc', 436, 420 ]
89 silly gunzTarPerm extractEntry examples/.prettierrc
90 silly gunzTarPerm modified mode [ 'examples/.prettierrc', 436, 420 ]
91 silly gunzTarPerm extractEntry examples/.stylelintrc
92 silly gunzTarPerm modified mode [ 'examples/.stylelintrc', 436, 420 ]
93 silly gunzTarPerm extractEntry examples/README.md
94 silly gunzTarPerm modified mode [ 'examples/README.md', 436, 420 ]
95 silly gunzTarPerm extractEntry examples/package.json
96 silly gunzTarPerm modified mode [ 'examples/package.json', 436, 420 ]
97 silly gunzTarPerm extractEntry examples/postcss.config.js
98 silly gunzTarPerm modified mode [ 'examples/postcss.config.js', 436, 420 ]
99 silly gunzTarPerm extractEntry examples/src/
100 silly gunzTarPerm modified mode [ 'examples/src/', 509, 493 ]
101 silly gunzTarPerm extractEntry examples/src/components/
102 silly gunzTarPerm modified mode [ 'examples/src/components/', 509, 493 ]
103 silly gunzTarPerm extractEntry examples/src/components/Analytics/
104 silly gunzTarPerm modified mode [ 'examples/src/components/Analytics/', 509, 493 ]
105 silly gunzTarPerm extractEntry examples/src/components/Analytics/index.js
106 silly gunzTarPerm modified mode [ 'examples/src/components/Analytics/index.js', 436, 420 ]
107 silly gunzTarPerm extractEntry examples/src/components/Block/
108 silly gunzTarPerm modified mode [ 'examples/src/components/Block/', 509, 493 ]
109 silly gunzTarPerm extractEntry examples/src/components/Block/Block.html
110 silly gunzTarPerm modified mode [ 'examples/src/components/Block/Block.html', 436, 420 ]
111 silly gunzTarPerm extractEntry examples/src/components/Block/Block.scss
112 silly gunzTarPerm modified mode [ 'examples/src/components/Block/Block.scss', 436, 420 ]
113 silly gunzTarPerm extractEntry examples/src/components/Block/variants.scss
114 silly gunzTarPerm modified mode [ 'examples/src/components/Block/variants.scss', 436, 420 ]
115 silly gunzTarPerm extractEntry examples/src/components/Brand/
116 silly gunzTarPerm modified mode [ 'examples/src/components/Brand/', 509, 493 ]
117 silly gunzTarPerm extractEntry examples/src/components/Brand/Brand.html
118 silly gunzTarPerm modified mode [ 'examples/src/components/Brand/Brand.html', 436, 420 ]
119 silly gunzTarPerm extractEntry examples/src/components/Brand/Brand.scss
120 silly gunzTarPerm modified mode [ 'examples/src/components/Brand/Brand.scss', 436, 420 ]
121 silly gunzTarPerm extractEntry examples/src/components/Brand/Logo.html
122 silly gunzTarPerm modified mode [ 'examples/src/components/Brand/Logo.html', 436, 420 ]
123 silly gunzTarPerm extractEntry examples/src/components/Brand/Wordmark.html
124 silly gunzTarPerm modified mode [ 'examples/src/components/Brand/Wordmark.html', 436, 420 ]
125 silly gunzTarPerm extractEntry examples/src/components/Brand/keyframes.scss
126 silly gunzTarPerm modified mode [ 'examples/src/components/Brand/keyframes.scss', 436, 420 ]
127 silly gunzTarPerm extractEntry examples/src/components/Brand/props.scss
128 silly gunzTarPerm modified mode [ 'examples/src/components/Brand/props.scss', 436, 420 ]
129 silly gunzTarPerm extractEntry examples/src/components/Button/
130 silly gunzTarPerm modified mode [ 'examples/src/components/Button/', 509, 493 ]
131 silly gunzTarPerm extractEntry examples/src/components/Button/Button.scss
132 silly gunzTarPerm modified mode [ 'examples/src/components/Button/Button.scss', 436, 420 ]
133 silly gunzTarPerm extractEntry examples/src/components/Button/variants.scss
134 silly gunzTarPerm modified mode [ 'examples/src/components/Button/variants.scss', 436, 420 ]
135 silly gunzTarPerm extractEntry examples/src/components/Document/
136 silly gunzTarPerm modified mode [ 'examples/src/components/Document/', 509, 493 ]
137 silly gunzTarPerm extractEntry examples/src/components/Document/Favicon.html
138 silly gunzTarPerm modified mode [ 'examples/src/components/Document/Favicon.html', 436, 420 ]
139 silly gunzTarPerm extractEntry examples/src/components/Document/Head.html
140 silly gunzTarPerm modified mode [ 'examples/src/components/Document/Head.html', 436, 420 ]
141 silly gunzTarPerm extractEntry examples/src/components/Document/SocialShare.html
142 silly gunzTarPerm modified mode [ 'examples/src/components/Document/SocialShare.html', 436, 420 ]
143 silly gunzTarPerm extractEntry examples/src/components/GridOverlay/
144 silly gunzTarPerm modified mode [ 'examples/src/components/GridOverlay/', 509, 493 ]
145 silly gunzTarPerm extractEntry examples/src/components/GridOverlay/GridOverlay.scss
146 silly gunzTarPerm modified mode [ 'examples/src/components/GridOverlay/GridOverlay.scss',
146 silly gunzTarPerm   436,
146 silly gunzTarPerm   420 ]
147 silly gunzTarPerm extractEntry examples/src/components/Hamburger/
148 silly gunzTarPerm modified mode [ 'examples/src/components/Hamburger/', 509, 493 ]
149 silly gunzTarPerm extractEntry examples/src/components/Hamburger/Hamburger.html
150 silly gunzTarPerm modified mode [ 'examples/src/components/Hamburger/Hamburger.html', 436, 420 ]
151 silly gunzTarPerm extractEntry examples/src/components/Hamburger/Hamburger.scss
152 silly gunzTarPerm modified mode [ 'examples/src/components/Hamburger/Hamburger.scss', 436, 420 ]
153 silly gunzTarPerm extractEntry examples/src/components/Hamburger/keyframes.scss
154 silly gunzTarPerm modified mode [ 'examples/src/components/Hamburger/keyframes.scss', 436, 420 ]
155 silly gunzTarPerm extractEntry examples/src/components/Hamburger/props.scss
156 silly gunzTarPerm modified mode [ 'examples/src/components/Hamburger/props.scss', 436, 420 ]
157 silly gunzTarPerm extractEntry examples/src/components/Handle/
158 silly gunzTarPerm modified mode [ 'examples/src/components/Handle/', 509, 493 ]
159 silly gunzTarPerm extractEntry examples/src/components/Handle/DragHandle.scss
160 silly gunzTarPerm modified mode [ 'examples/src/components/Handle/DragHandle.scss', 436, 420 ]
161 silly gunzTarPerm extractEntry examples/src/components/Handle/NopeHandle.scss
162 silly gunzTarPerm modified mode [ 'examples/src/components/Handle/NopeHandle.scss', 436, 420 ]
163 silly gunzTarPerm extractEntry examples/src/components/Handle/props.scss
164 silly gunzTarPerm modified mode [ 'examples/src/components/Handle/props.scss', 436, 420 ]
165 silly gunzTarPerm extractEntry examples/src/components/Heading/
166 silly gunzTarPerm modified mode [ 'examples/src/components/Heading/', 509, 493 ]
167 silly gunzTarPerm extractEntry examples/src/components/Heading/Heading.scss
168 silly gunzTarPerm modified mode [ 'examples/src/components/Heading/Heading.scss', 436, 420 ]
169 silly gunzTarPerm extractEntry examples/src/components/Heading/props.scss
170 silly gunzTarPerm modified mode [ 'examples/src/components/Heading/props.scss', 436, 420 ]
171 silly gunzTarPerm extractEntry examples/src/components/Heading/variants.scss
172 silly gunzTarPerm modified mode [ 'examples/src/components/Heading/variants.scss', 436, 420 ]
173 silly gunzTarPerm extractEntry examples/src/components/Link/
174 silly gunzTarPerm modified mode [ 'examples/src/components/Link/', 509, 493 ]
175 silly gunzTarPerm extractEntry examples/src/components/Link/Link.scss
176 silly gunzTarPerm modified mode [ 'examples/src/components/Link/Link.scss', 436, 420 ]
177 silly gunzTarPerm extractEntry examples/src/components/Main/
178 silly gunzTarPerm modified mode [ 'examples/src/components/Main/', 509, 493 ]
179 silly gunzTarPerm extractEntry examples/src/components/Main/Main.scss
180 silly gunzTarPerm modified mode [ 'examples/src/components/Main/Main.scss', 436, 420 ]
181 silly gunzTarPerm extractEntry examples/src/components/Main/props.scss
182 silly gunzTarPerm modified mode [ 'examples/src/components/Main/props.scss', 436, 420 ]
183 silly gunzTarPerm extractEntry examples/src/components/MobileNav/
184 silly gunzTarPerm modified mode [ 'examples/src/components/MobileNav/', 509, 493 ]
185 silly gunzTarPerm extractEntry examples/src/components/MobileNav/index.js
186 silly gunzTarPerm modified mode [ 'examples/src/components/MobileNav/index.js', 436, 420 ]
187 silly gunzTarPerm extractEntry examples/src/components/MobileNav/props.scss
188 silly gunzTarPerm modified mode [ 'examples/src/components/MobileNav/props.scss', 436, 420 ]
189 silly gunzTarPerm extractEntry examples/src/components/Navigation/
190 silly gunzTarPerm modified mode [ 'examples/src/components/Navigation/', 509, 493 ]
191 silly gunzTarPerm extractEntry examples/src/components/Navigation/NavList.html
192 silly gunzTarPerm modified mode [ 'examples/src/components/Navigation/NavList.html', 436, 420 ]
193 silly gunzTarPerm extractEntry examples/src/components/Navigation/Navigation.html
194 silly gunzTarPerm modified mode [ 'examples/src/components/Navigation/Navigation.html',
194 silly gunzTarPerm   436,
194 silly gunzTarPerm   420 ]
195 silly gunzTarPerm extractEntry examples/src/components/Navigation/Navigation.scss
196 silly gunzTarPerm modified mode [ 'examples/src/components/Navigation/Navigation.scss',
196 silly gunzTarPerm   436,
196 silly gunzTarPerm   420 ]
197 silly gunzTarPerm extractEntry examples/src/components/Page/
198 silly gunzTarPerm modified mode [ 'examples/src/components/Page/', 509, 493 ]
199 silly gunzTarPerm extractEntry examples/src/components/Page/Page.scss
200 silly gunzTarPerm modified mode [ 'examples/src/components/Page/Page.scss', 436, 420 ]
201 silly gunzTarPerm extractEntry examples/src/components/PageHeader/
202 silly gunzTarPerm modified mode [ 'examples/src/components/PageHeader/', 509, 493 ]
203 silly gunzTarPerm extractEntry examples/src/components/PageHeader/PageHeader.html
204 silly gunzTarPerm modified mode [ 'examples/src/components/PageHeader/PageHeader.html',
204 silly gunzTarPerm   436,
204 silly gunzTarPerm   420 ]
205 silly gunzTarPerm extractEntry examples/src/components/PageHeader/PageHeader.scss
206 silly gunzTarPerm modified mode [ 'examples/src/components/PageHeader/PageHeader.scss',
206 silly gunzTarPerm   436,
206 silly gunzTarPerm   420 ]
207 silly gunzTarPerm extractEntry examples/src/components/PaperStack/
208 silly gunzTarPerm modified mode [ 'examples/src/components/PaperStack/', 509, 493 ]
209 silly gunzTarPerm extractEntry examples/src/components/PaperStack/PaperStack.scss
210 silly gunzTarPerm modified mode [ 'examples/src/components/PaperStack/PaperStack.scss',
210 silly gunzTarPerm   436,
210 silly gunzTarPerm   420 ]
211 silly gunzTarPerm extractEntry examples/src/components/PaperStack/PaperStackItem.html
212 silly gunzTarPerm modified mode [ 'examples/src/components/PaperStack/PaperStackItem.html',
212 silly gunzTarPerm   436,
212 silly gunzTarPerm   420 ]
213 silly gunzTarPerm extractEntry examples/src/components/PaperStack/props.scss
214 silly gunzTarPerm modified mode [ 'examples/src/components/PaperStack/props.scss', 436, 420 ]
215 silly gunzTarPerm extractEntry examples/src/components/PaperStack/variants.scss
216 silly gunzTarPerm modified mode [ 'examples/src/components/PaperStack/variants.scss', 436, 420 ]
217 silly gunzTarPerm extractEntry examples/src/components/Patterns/
218 silly gunzTarPerm modified mode [ 'examples/src/components/Patterns/', 509, 493 ]
219 silly gunzTarPerm extractEntry examples/src/components/Patterns/Patterns.scss
220 silly gunzTarPerm modified mode [ 'examples/src/components/Patterns/Patterns.scss', 436, 420 ]
221 silly gunzTarPerm extractEntry examples/src/components/Patterns/keyframes.scss
222 silly gunzTarPerm modified mode [ 'examples/src/components/Patterns/keyframes.scss', 436, 420 ]
223 silly gunzTarPerm extractEntry examples/src/components/Patterns/props.scss
224 silly gunzTarPerm modified mode [ 'examples/src/components/Patterns/props.scss', 436, 420 ]
225 silly gunzTarPerm extractEntry examples/src/components/PillSwitch/
226 silly gunzTarPerm modified mode [ 'examples/src/components/PillSwitch/', 509, 493 ]
227 silly gunzTarPerm extractEntry examples/src/components/PillSwitch/PillSwitch.html
228 silly gunzTarPerm modified mode [ 'examples/src/components/PillSwitch/PillSwitch.html',
228 silly gunzTarPerm   436,
228 silly gunzTarPerm   420 ]
229 silly gunzTarPerm extractEntry examples/src/components/PillSwitch/PillSwitch.scss
230 silly gunzTarPerm modified mode [ 'examples/src/components/PillSwitch/PillSwitch.scss',
230 silly gunzTarPerm   436,
230 silly gunzTarPerm   420 ]
231 silly gunzTarPerm extractEntry examples/src/components/PillSwitch/props.scss
232 silly gunzTarPerm modified mode [ 'examples/src/components/PillSwitch/props.scss', 436, 420 ]
233 silly gunzTarPerm extractEntry examples/src/components/PillSwitch/variants.scss
234 silly gunzTarPerm modified mode [ 'examples/src/components/PillSwitch/variants.scss', 436, 420 ]
235 silly gunzTarPerm extractEntry examples/src/components/Plate/
236 silly gunzTarPerm modified mode [ 'examples/src/components/Plate/', 509, 493 ]
237 silly gunzTarPerm extractEntry examples/src/components/Plate/Plate.html
238 silly gunzTarPerm modified mode [ 'examples/src/components/Plate/Plate.html', 436, 420 ]
239 silly gunzTarPerm extractEntry examples/src/components/Plate/Plate.scss
240 silly gunzTarPerm modified mode [ 'examples/src/components/Plate/Plate.scss', 436, 420 ]
241 silly gunzTarPerm extractEntry examples/src/components/Plate/index.js
242 silly gunzTarPerm modified mode [ 'examples/src/components/Plate/index.js', 436, 420 ]
243 silly gunzTarPerm extractEntry examples/src/components/Plate/keyframes.scss
244 silly gunzTarPerm modified mode [ 'examples/src/components/Plate/keyframes.scss', 436, 420 ]
245 silly gunzTarPerm extractEntry examples/src/components/Plate/props.scss
246 silly gunzTarPerm modified mode [ 'examples/src/components/Plate/props.scss', 436, 420 ]
247 silly gunzTarPerm extractEntry examples/src/components/Plate/variants.scss
248 silly gunzTarPerm modified mode [ 'examples/src/components/Plate/variants.scss', 436, 420 ]
249 silly gunzTarPerm extractEntry examples/src/components/Sidebar/
250 silly gunzTarPerm modified mode [ 'examples/src/components/Sidebar/', 509, 493 ]
251 silly gunzTarPerm extractEntry examples/src/components/Sidebar/Sidebar.html
252 silly gunzTarPerm modified mode [ 'examples/src/components/Sidebar/Sidebar.html', 436, 420 ]
253 silly gunzTarPerm extractEntry examples/src/components/Sidebar/Sidebar.scss
254 silly gunzTarPerm modified mode [ 'examples/src/components/Sidebar/Sidebar.scss', 436, 420 ]
255 silly gunzTarPerm extractEntry examples/src/components/StackedList/
256 silly gunzTarPerm modified mode [ 'examples/src/components/StackedList/', 509, 493 ]
257 silly gunzTarPerm extractEntry examples/src/components/StackedList/StackedList.scss
258 silly gunzTarPerm modified mode [ 'examples/src/components/StackedList/StackedList.scss',
258 silly gunzTarPerm   436,
258 silly gunzTarPerm   420 ]
259 silly gunzTarPerm extractEntry examples/src/components/StackedList/StackedListItem.html
260 silly gunzTarPerm modified mode [ 'examples/src/components/StackedList/StackedListItem.html',
260 silly gunzTarPerm   436,
260 silly gunzTarPerm   420 ]
261 silly gunzTarPerm extractEntry examples/src/components/StackedList/props.scss
262 silly gunzTarPerm modified mode [ 'examples/src/components/StackedList/props.scss', 436, 420 ]
263 silly gunzTarPerm extractEntry examples/src/components/StackedList/variants.scss
264 silly gunzTarPerm modified mode [ 'examples/src/components/StackedList/variants.scss', 436, 420 ]
265 silly gunzTarPerm extractEntry examples/src/components/Svg/
266 silly gunzTarPerm modified mode [ 'examples/src/components/Svg/', 509, 493 ]
267 silly gunzTarPerm extractEntry examples/src/components/Svg/Svg.scss
268 silly gunzTarPerm modified mode [ 'examples/src/components/Svg/Svg.scss', 436, 420 ]
269 silly gunzTarPerm extractEntry examples/src/content/
270 silly gunzTarPerm modified mode [ 'examples/src/content/', 509, 493 ]
271 silly gunzTarPerm extractEntry examples/src/content/Draggable/
272 silly gunzTarPerm modified mode [ 'examples/src/content/Draggable/', 509, 493 ]
273 silly gunzTarPerm extractEntry examples/src/content/Draggable/DragEvents/
274 silly gunzTarPerm modified mode [ 'examples/src/content/Draggable/DragEvents/', 509, 493 ]
275 silly gunzTarPerm extractEntry examples/src/content/Draggable/DragEvents/DragEvents.html
276 silly gunzTarPerm modified mode [ 'examples/src/content/Draggable/DragEvents/DragEvents.html',
276 silly gunzTarPerm   436,
276 silly gunzTarPerm   420 ]
277 silly gunzTarPerm extractEntry examples/src/content/Draggable/DragEvents/DragEvents.scss
278 silly gunzTarPerm modified mode [ 'examples/src/content/Draggable/DragEvents/DragEvents.scss',
278 silly gunzTarPerm   436,
278 silly gunzTarPerm   420 ]
279 silly gunzTarPerm extractEntry examples/src/content/Draggable/DragEvents/index.js
280 silly gunzTarPerm modified mode [ 'examples/src/content/Draggable/DragEvents/index.js',
280 silly gunzTarPerm   436,
280 silly gunzTarPerm   420 ]
281 silly gunzTarPerm extractEntry examples/src/content/Droppable/
282 silly gunzTarPerm modified mode [ 'examples/src/content/Droppable/', 509, 493 ]
283 silly gunzTarPerm extractEntry examples/src/content/Droppable/UniqueDropzone/
284 silly gunzTarPerm modified mode [ 'examples/src/content/Droppable/UniqueDropzone/', 509, 493 ]
285 silly gunzTarPerm extractEntry examples/src/content/Droppable/UniqueDropzone/UniqueDropzone.html
286 silly gunzTarPerm modified mode [ 'examples/src/content/Droppable/UniqueDropzone/UniqueDropzone.html',
286 silly gunzTarPerm   436,
286 silly gunzTarPerm   420 ]
287 silly gunzTarPerm extractEntry examples/src/content/Droppable/UniqueDropzone/UniqueDropzone.scss
288 silly gunzTarPerm modified mode [ 'examples/src/content/Droppable/UniqueDropzone/UniqueDropzone.scss',
288 silly gunzTarPerm   436,
288 silly gunzTarPerm   420 ]
289 silly gunzTarPerm extractEntry examples/src/content/Droppable/UniqueDropzone/index.js
290 silly gunzTarPerm modified mode [ 'examples/src/content/Droppable/UniqueDropzone/index.js',
290 silly gunzTarPerm   436,
290 silly gunzTarPerm   420 ]
291 silly gunzTarPerm extractEntry examples/src/content/Home/
292 silly gunzTarPerm modified mode [ 'examples/src/content/Home/', 509, 493 ]
293 silly gunzTarPerm extractEntry examples/src/content/Home/Home.html
294 silly gunzTarPerm modified mode [ 'examples/src/content/Home/Home.html', 436, 420 ]
295 silly gunzTarPerm extractEntry examples/src/content/Home/Home.scss
296 silly gunzTarPerm modified mode [ 'examples/src/content/Home/Home.scss', 436, 420 ]
297 silly gunzTarPerm extractEntry examples/src/content/Home/index.js
298 silly gunzTarPerm modified mode [ 'examples/src/content/Home/index.js', 436, 420 ]
299 silly gunzTarPerm extractEntry examples/src/content/Plugins/
300 silly gunzTarPerm modified mode [ 'examples/src/content/Plugins/', 509, 493 ]
301 silly gunzTarPerm extractEntry examples/src/content/Plugins/Collidable/
302 silly gunzTarPerm modified mode [ 'examples/src/content/Plugins/Collidable/', 509, 493 ]
303 silly gunzTarPerm extractEntry examples/src/content/Plugins/Collidable/Collidable.html
304 silly gunzTarPerm modified mode [ 'examples/src/content/Plugins/Collidable/Collidable.html',
304 silly gunzTarPerm   436,
304 silly gunzTarPerm   420 ]
305 silly gunzTarPerm extractEntry examples/src/content/Plugins/Collidable/Collidable.scss
306 silly gunzTarPerm modified mode [ 'examples/src/content/Plugins/Collidable/Collidable.scss',
306 silly gunzTarPerm   436,
306 silly gunzTarPerm   420 ]
307 silly gunzTarPerm extractEntry examples/src/content/Plugins/Collidable/index.js
308 silly gunzTarPerm modified mode [ 'examples/src/content/Plugins/Collidable/index.js', 436, 420 ]
309 silly gunzTarPerm extractEntry examples/src/content/Plugins/Collidable/props.scss
310 silly gunzTarPerm modified mode [ 'examples/src/content/Plugins/Collidable/props.scss',
310 silly gunzTarPerm   436,
310 silly gunzTarPerm   420 ]
311 silly gunzTarPerm extractEntry examples/src/content/Plugins/Snappable/
312 silly gunzTarPerm modified mode [ 'examples/src/content/Plugins/Snappable/', 509, 493 ]
313 silly gunzTarPerm extractEntry examples/src/content/Plugins/Snappable/Snappable.html
314 silly gunzTarPerm modified mode [ 'examples/src/content/Plugins/Snappable/Snappable.html',
314 silly gunzTarPerm   436,
314 silly gunzTarPerm   420 ]
315 silly gunzTarPerm extractEntry examples/src/content/Plugins/Snappable/Snappable.scss
316 silly gunzTarPerm modified mode [ 'examples/src/content/Plugins/Snappable/Snappable.scss',
316 silly gunzTarPerm   436,
316 silly gunzTarPerm   420 ]
317 silly gunzTarPerm extractEntry examples/src/content/Plugins/Snappable/index.js
318 silly gunzTarPerm modified mode [ 'examples/src/content/Plugins/Snappable/index.js', 436, 420 ]
319 silly gunzTarPerm extractEntry examples/src/content/Plugins/SwapAnimation/
320 silly gunzTarPerm modified mode [ 'examples/src/content/Plugins/SwapAnimation/', 509, 493 ]
321 silly gunzTarPerm extractEntry examples/src/content/Plugins/SwapAnimation/SwapAnimation.html
322 silly gunzTarPerm modified mode [ 'examples/src/content/Plugins/SwapAnimation/SwapAnimation.html',
322 silly gunzTarPerm   436,
322 silly gunzTarPerm   420 ]
323 silly gunzTarPerm extractEntry examples/src/content/Plugins/SwapAnimation/SwapAnimation.scss
324 silly gunzTarPerm modified mode [ 'examples/src/content/Plugins/SwapAnimation/SwapAnimation.scss',
324 silly gunzTarPerm   436,
324 silly gunzTarPerm   420 ]
325 silly gunzTarPerm extractEntry examples/src/content/Plugins/SwapAnimation/index.js
326 silly gunzTarPerm modified mode [ 'examples/src/content/Plugins/SwapAnimation/index.js',
326 silly gunzTarPerm   436,
326 silly gunzTarPerm   420 ]
327 silly gunzTarPerm extractEntry examples/src/content/Sortable/
328 silly gunzTarPerm modified mode [ 'examples/src/content/Sortable/', 509, 493 ]
329 silly gunzTarPerm extractEntry examples/src/content/Sortable/MultipleContainers/
330 silly gunzTarPerm modified mode [ 'examples/src/content/Sortable/MultipleContainers/', 509, 493 ]
331 silly gunzTarPerm extractEntry examples/src/content/Sortable/MultipleContainers/MultipleContainers.html
332 silly gunzTarPerm modified mode [ 'examples/src/content/Sortable/MultipleContainers/MultipleContainers.html',
332 silly gunzTarPerm   436,
332 silly gunzTarPerm   420 ]
333 silly gunzTarPerm extractEntry examples/src/content/Sortable/MultipleContainers/MultipleContainers.scss
334 silly gunzTarPerm modified mode [ 'examples/src/content/Sortable/MultipleContainers/MultipleContainers.scss',
334 silly gunzTarPerm   436,
334 silly gunzTarPerm   420 ]
335 silly gunzTarPerm extractEntry examples/src/content/Sortable/MultipleContainers/index.js
336 silly gunzTarPerm modified mode [ 'examples/src/content/Sortable/MultipleContainers/index.js',
336 silly gunzTarPerm   436,
336 silly gunzTarPerm   420 ]
337 silly gunzTarPerm extractEntry examples/src/content/Sortable/SimpleList/
338 silly gunzTarPerm modified mode [ 'examples/src/content/Sortable/SimpleList/', 509, 493 ]
339 silly gunzTarPerm extractEntry examples/src/content/Sortable/SimpleList/SimpleList.html
340 silly gunzTarPerm modified mode [ 'examples/src/content/Sortable/SimpleList/SimpleList.html',
340 silly gunzTarPerm   436,
340 silly gunzTarPerm   420 ]
341 silly gunzTarPerm extractEntry examples/src/content/Sortable/SimpleList/SimpleList.scss
342 silly gunzTarPerm modified mode [ 'examples/src/content/Sortable/SimpleList/SimpleList.scss',
342 silly gunzTarPerm   436,
342 silly gunzTarPerm   420 ]
343 silly gunzTarPerm extractEntry examples/src/content/Sortable/SimpleList/index.js
344 silly gunzTarPerm modified mode [ 'examples/src/content/Sortable/SimpleList/index.js', 436, 420 ]
345 silly gunzTarPerm extractEntry examples/src/content/Sortable/Transformed/
346 silly gunzTarPerm modified mode [ 'examples/src/content/Sortable/Transformed/', 509, 493 ]
347 silly gunzTarPerm extractEntry examples/src/content/Sortable/Transformed/Transformed.html
348 silly gunzTarPerm modified mode [ 'examples/src/content/Sortable/Transformed/Transformed.html',
348 silly gunzTarPerm   436,
348 silly gunzTarPerm   420 ]
349 silly gunzTarPerm extractEntry examples/src/content/Sortable/Transformed/Transformed.scss
350 silly gunzTarPerm modified mode [ 'examples/src/content/Sortable/Transformed/Transformed.scss',
350 silly gunzTarPerm   436,
350 silly gunzTarPerm   420 ]
351 silly gunzTarPerm extractEntry examples/src/content/Sortable/Transformed/index.js
352 silly gunzTarPerm modified mode [ 'examples/src/content/Sortable/Transformed/index.js',
352 silly gunzTarPerm   436,
352 silly gunzTarPerm   420 ]
353 silly gunzTarPerm extractEntry examples/src/content/Swappable/
354 silly gunzTarPerm modified mode [ 'examples/src/content/Swappable/', 509, 493 ]
355 silly gunzTarPerm extractEntry examples/src/content/Swappable/Flexbox/
356 silly gunzTarPerm modified mode [ 'examples/src/content/Swappable/Flexbox/', 509, 493 ]
357 silly gunzTarPerm extractEntry examples/src/content/Swappable/Flexbox/Flexbox.html
358 silly gunzTarPerm modified mode [ 'examples/src/content/Swappable/Flexbox/Flexbox.html',
358 silly gunzTarPerm   436,
358 silly gunzTarPerm   420 ]
359 silly gunzTarPerm extractEntry examples/src/content/Swappable/Flexbox/Flexbox.scss
360 silly gunzTarPerm modified mode [ 'examples/src/content/Swappable/Flexbox/Flexbox.scss',
360 silly gunzTarPerm   436,
360 silly gunzTarPerm   420 ]
361 silly gunzTarPerm extractEntry examples/src/content/Swappable/Flexbox/index.js
362 silly gunzTarPerm modified mode [ 'examples/src/content/Swappable/Flexbox/index.js', 436, 420 ]
363 silly gunzTarPerm extractEntry examples/src/content/Swappable/Floated/
364 silly gunzTarPerm modified mode [ 'examples/src/content/Swappable/Floated/', 509, 493 ]
365 silly gunzTarPerm extractEntry examples/src/content/Swappable/Floated/Floated.html
366 silly gunzTarPerm modified mode [ 'examples/src/content/Swappable/Floated/Floated.html',
366 silly gunzTarPerm   436,
366 silly gunzTarPerm   420 ]
367 silly gunzTarPerm extractEntry examples/src/content/Swappable/Floated/Floated.scss
368 silly gunzTarPerm modified mode [ 'examples/src/content/Swappable/Floated/Floated.scss',
368 silly gunzTarPerm   436,
368 silly gunzTarPerm   420 ]
369 silly gunzTarPerm extractEntry examples/src/content/Swappable/Floated/index.js
370 silly gunzTarPerm modified mode [ 'examples/src/content/Swappable/Floated/index.js', 436, 420 ]
371 silly gunzTarPerm extractEntry examples/src/content/Swappable/GridLayout/
372 silly gunzTarPerm modified mode [ 'examples/src/content/Swappable/GridLayout/', 509, 493 ]
373 silly gunzTarPerm extractEntry examples/src/content/Swappable/GridLayout/GridLayout.html
374 silly gunzTarPerm modified mode [ 'examples/src/content/Swappable/GridLayout/GridLayout.html',
374 silly gunzTarPerm   436,
374 silly gunzTarPerm   420 ]
375 silly gunzTarPerm extractEntry examples/src/content/Swappable/GridLayout/GridLayout.scss
376 silly gunzTarPerm modified mode [ 'examples/src/content/Swappable/GridLayout/GridLayout.scss',
376 silly gunzTarPerm   436,
376 silly gunzTarPerm   420 ]
377 silly gunzTarPerm extractEntry examples/src/content/Swappable/GridLayout/index.js
378 silly gunzTarPerm modified mode [ 'examples/src/content/Swappable/GridLayout/index.js',
378 silly gunzTarPerm   436,
378 silly gunzTarPerm   420 ]
379 silly gunzTarPerm extractEntry examples/src/content/index.js
380 silly gunzTarPerm modified mode [ 'examples/src/content/index.js', 436, 420 ]
381 silly gunzTarPerm extractEntry examples/src/scripts/
382 silly gunzTarPerm modified mode [ 'examples/src/scripts/', 509, 493 ]
383 silly gunzTarPerm extractEntry examples/src/scripts/examples-app.js
384 silly gunzTarPerm modified mode [ 'examples/src/scripts/examples-app.js', 436, 420 ]
385 silly gunzTarPerm extractEntry examples/src/scripts/utils/
386 silly gunzTarPerm modified mode [ 'examples/src/scripts/utils/', 509, 493 ]
387 silly gunzTarPerm extractEntry examples/src/scripts/utils/debounce.js
388 silly gunzTarPerm modified mode [ 'examples/src/scripts/utils/debounce.js', 436, 420 ]
389 silly gunzTarPerm extractEntry examples/src/scripts/utils/flip-sign.js
390 silly gunzTarPerm modified mode [ 'examples/src/scripts/utils/flip-sign.js', 436, 420 ]
391 silly gunzTarPerm extractEntry examples/src/styles/
392 silly gunzTarPerm modified mode [ 'examples/src/styles/', 509, 493 ]
393 silly gunzTarPerm extractEntry examples/src/styles/examples-app.scss
394 silly gunzTarPerm modified mode [ 'examples/src/styles/examples-app.scss', 436, 420 ]
395 silly gunzTarPerm extractEntry examples/src/styles/examples-theme/
396 silly gunzTarPerm modified mode [ 'examples/src/styles/examples-theme/', 509, 493 ]
397 silly gunzTarPerm extractEntry examples/src/styles/examples-theme/_border.scss
398 silly gunzTarPerm modified mode [ 'examples/src/styles/examples-theme/_border.scss', 436, 420 ]
399 silly gunzTarPerm extractEntry examples/src/styles/examples-theme/_breakpoint.scss
400 silly gunzTarPerm modified mode [ 'examples/src/styles/examples-theme/_breakpoint.scss',
400 silly gunzTarPerm   436,
400 silly gunzTarPerm   420 ]
401 silly gunzTarPerm extractEntry examples/src/styles/examples-theme/_color.scss
402 silly gunzTarPerm modified mode [ 'examples/src/styles/examples-theme/_color.scss', 436, 420 ]
403 silly gunzTarPerm extractEntry examples/src/styles/examples-theme/_cursor.scss
404 silly gunzTarPerm modified mode [ 'examples/src/styles/examples-theme/_cursor.scss', 436, 420 ]
405 silly gunzTarPerm extractEntry examples/src/styles/examples-theme/_duration.scss
406 silly gunzTarPerm modified mode [ 'examples/src/styles/examples-theme/_duration.scss', 436, 420 ]
407 silly gunzTarPerm extractEntry examples/src/styles/examples-theme/_easing.scss
408 silly gunzTarPerm modified mode [ 'examples/src/styles/examples-theme/_easing.scss', 436, 420 ]
409 silly gunzTarPerm extractEntry examples/src/styles/examples-theme/_font-stack.scss
410 silly gunzTarPerm modified mode [ 'examples/src/styles/examples-theme/_font-stack.scss',
410 silly gunzTarPerm   436,
410 silly gunzTarPerm   420 ]
411 silly gunzTarPerm extractEntry examples/src/styles/examples-theme/_layout-length.scss
412 silly gunzTarPerm modified mode [ 'examples/src/styles/examples-theme/_layout-length.scss',
412 silly gunzTarPerm   436,
412 silly gunzTarPerm   420 ]
413 silly gunzTarPerm extractEntry examples/src/styles/examples-theme/_spacing.scss
414 silly gunzTarPerm modified mode [ 'examples/src/styles/examples-theme/_spacing.scss', 436, 420 ]
415 silly gunzTarPerm extractEntry examples/src/styles/examples-theme/_type-scale.scss
416 silly gunzTarPerm modified mode [ 'examples/src/styles/examples-theme/_type-scale.scss',
416 silly gunzTarPerm   436,
416 silly gunzTarPerm   420 ]
417 silly gunzTarPerm extractEntry examples/src/styles/examples-theme/_z-index.scss
418 silly gunzTarPerm modified mode [ 'examples/src/styles/examples-theme/_z-index.scss', 436, 420 ]
419 silly gunzTarPerm extractEntry examples/src/styles/examples-theme/examples-theme.scss
420 silly gunzTarPerm modified mode [ 'examples/src/styles/examples-theme/examples-theme.scss',
420 silly gunzTarPerm   436,
420 silly gunzTarPerm   420 ]
421 silly gunzTarPerm extractEntry examples/src/styles/reset.scss
422 silly gunzTarPerm modified mode [ 'examples/src/styles/reset.scss', 436, 420 ]
423 silly gunzTarPerm extractEntry examples/src/styles/utils/
424 silly gunzTarPerm modified mode [ 'examples/src/styles/utils/', 509, 493 ]
425 silly gunzTarPerm extractEntry examples/src/styles/utils/global/
426 silly gunzTarPerm modified mode [ 'examples/src/styles/utils/global/', 509, 493 ]
427 silly gunzTarPerm extractEntry examples/src/styles/utils/global/_animation.scss
428 silly gunzTarPerm modified mode [ 'examples/src/styles/utils/global/_animation.scss', 436, 420 ]
429 silly gunzTarPerm extractEntry examples/src/styles/utils/global/_layout.scss
430 silly gunzTarPerm modified mode [ 'examples/src/styles/utils/global/_layout.scss', 436, 420 ]
431 silly gunzTarPerm extractEntry examples/src/styles/utils/global/_typography.scss
432 silly gunzTarPerm modified mode [ 'examples/src/styles/utils/global/_typography.scss', 436, 420 ]
433 silly gunzTarPerm extractEntry examples/src/styles/utils/global/global-utils.scss
434 silly gunzTarPerm modified mode [ 'examples/src/styles/utils/global/global-utils.scss',
434 silly gunzTarPerm   436,
434 silly gunzTarPerm   420 ]
435 silly gunzTarPerm extractEntry examples/src/styles/utils/shared/
436 silly gunzTarPerm modified mode [ 'examples/src/styles/utils/shared/', 509, 493 ]
437 silly gunzTarPerm extractEntry examples/src/styles/utils/shared/animation.scss
438 silly gunzTarPerm modified mode [ 'examples/src/styles/utils/shared/animation.scss', 436, 420 ]
439 silly gunzTarPerm extractEntry examples/src/styles/utils/shared/functions.scss
440 silly gunzTarPerm modified mode [ 'examples/src/styles/utils/shared/functions.scss', 436, 420 ]
441 silly gunzTarPerm extractEntry examples/src/styles/utils/shared/layout.scss
442 silly gunzTarPerm modified mode [ 'examples/src/styles/utils/shared/layout.scss', 436, 420 ]
443 silly gunzTarPerm extractEntry examples/src/styles/utils/shared/typography.scss
444 silly gunzTarPerm modified mode [ 'examples/src/styles/utils/shared/typography.scss', 436, 420 ]
445 silly gunzTarPerm extractEntry examples/src/views/
446 silly gunzTarPerm modified mode [ 'examples/src/views/', 509, 493 ]
447 silly gunzTarPerm extractEntry examples/src/views/collidable.html
448 silly gunzTarPerm modified mode [ 'examples/src/views/collidable.html', 436, 420 ]
449 silly gunzTarPerm extractEntry examples/src/views/data-pages.json
450 silly gunzTarPerm modified mode [ 'examples/src/views/data-pages.json', 436, 420 ]
451 silly gunzTarPerm extractEntry examples/src/views/drag-events.html
452 silly gunzTarPerm modified mode [ 'examples/src/views/drag-events.html', 436, 420 ]
453 silly gunzTarPerm extractEntry examples/src/views/flexbox.html
454 silly gunzTarPerm modified mode [ 'examples/src/views/flexbox.html', 436, 420 ]
455 silly gunzTarPerm extractEntry examples/src/views/floated.html
456 silly gunzTarPerm modified mode [ 'examples/src/views/floated.html', 436, 420 ]
457 silly gunzTarPerm extractEntry examples/src/views/grid-layout.html
458 silly gunzTarPerm modified mode [ 'examples/src/views/grid-layout.html', 436, 420 ]
459 silly gunzTarPerm extractEntry examples/src/views/index.html
460 silly gunzTarPerm modified mode [ 'examples/src/views/index.html', 436, 420 ]
461 silly gunzTarPerm extractEntry examples/src/views/multiple-containers.html
462 silly gunzTarPerm modified mode [ 'examples/src/views/multiple-containers.html', 436, 420 ]
463 silly gunzTarPerm extractEntry examples/src/views/simple-list.html
464 silly gunzTarPerm modified mode [ 'examples/src/views/simple-list.html', 436, 420 ]
465 silly gunzTarPerm extractEntry examples/src/views/snappable.html
466 silly gunzTarPerm modified mode [ 'examples/src/views/snappable.html', 436, 420 ]
467 silly gunzTarPerm extractEntry examples/src/views/swap-animation.html
468 silly gunzTarPerm modified mode [ 'examples/src/views/swap-animation.html', 436, 420 ]
469 silly gunzTarPerm extractEntry examples/src/views/templates/
470 silly gunzTarPerm modified mode [ 'examples/src/views/templates/', 509, 493 ]
471 silly gunzTarPerm extractEntry examples/src/views/templates/document.html
472 silly gunzTarPerm modified mode [ 'examples/src/views/templates/document.html', 436, 420 ]
473 silly gunzTarPerm extractEntry examples/src/views/transformed.html
474 silly gunzTarPerm modified mode [ 'examples/src/views/transformed.html', 436, 420 ]
475 silly gunzTarPerm extractEntry examples/src/views/unique-dropzone.html
476 silly gunzTarPerm modified mode [ 'examples/src/views/unique-dropzone.html', 436, 420 ]
477 silly gunzTarPerm extractEntry examples/tools/
478 silly gunzTarPerm modified mode [ 'examples/tools/', 509, 493 ]
479 silly gunzTarPerm extractEntry examples/tools/index.js
480 silly gunzTarPerm modified mode [ 'examples/tools/index.js', 436, 420 ]
481 silly gunzTarPerm extractEntry examples/tools/server.js
482 silly gunzTarPerm modified mode [ 'examples/tools/server.js', 436, 420 ]
483 silly gunzTarPerm extractEntry examples/tools/tasks/
484 silly gunzTarPerm modified mode [ 'examples/tools/tasks/', 509, 493 ]
485 silly gunzTarPerm extractEntry examples/tools/tasks/index.js
486 silly gunzTarPerm modified mode [ 'examples/tools/tasks/index.js', 436, 420 ]
487 silly gunzTarPerm extractEntry examples/tools/tasks/scripts.js
488 silly gunzTarPerm modified mode [ 'examples/tools/tasks/scripts.js', 436, 420 ]
489 silly gunzTarPerm extractEntry examples/tools/tasks/styles.js
490 silly gunzTarPerm modified mode [ 'examples/tools/tasks/styles.js', 436, 420 ]
491 silly gunzTarPerm extractEntry examples/tools/tasks/views.js
492 silly gunzTarPerm modified mode [ 'examples/tools/tasks/views.js', 436, 420 ]
493 silly gunzTarPerm extractEntry examples/tools/watch.js
494 silly gunzTarPerm modified mode [ 'examples/tools/watch.js', 436, 420 ]
495 silly gunzTarPerm extractEntry examples/tools/webpack.config.js
496 silly gunzTarPerm modified mode [ 'examples/tools/webpack.config.js', 436, 420 ]
497 silly gunzTarPerm extractEntry examples/tools/webpack.plugins.js
498 silly gunzTarPerm modified mode [ 'examples/tools/webpack.plugins.js', 436, 420 ]
499 silly gunzTarPerm extractEntry examples/yarn.lock
500 silly gunzTarPerm modified mode [ 'examples/yarn.lock', 436, 420 ]
501 silly gunzTarPerm extractEntry index.d.ts
502 silly gunzTarPerm modified mode [ 'index.d.ts', 436, 420 ]
503 silly gunzTarPerm extractEntry package.json
504 silly gunzTarPerm modified mode [ 'package.json', 436, 420 ]
505 silly gunzTarPerm extractEntry scripts/
506 silly gunzTarPerm modified mode [ 'scripts/', 509, 493 ]
507 silly gunzTarPerm extractEntry scripts/build.js
508 silly gunzTarPerm modified mode [ 'scripts/build.js', 436, 420 ]
509 silly gunzTarPerm extractEntry scripts/build/
510 silly gunzTarPerm modified mode [ 'scripts/build/', 509, 493 ]
511 silly gunzTarPerm extractEntry scripts/build/.eslintrc.js
512 silly gunzTarPerm modified mode [ 'scripts/build/.eslintrc.js', 436, 420 ]
513 silly gunzTarPerm extractEntry scripts/build/bundles.js
514 silly gunzTarPerm modified mode [ 'scripts/build/bundles.js', 436, 420 ]
515 silly gunzTarPerm extractEntry scripts/build/config.js
516 silly gunzTarPerm modified mode [ 'scripts/build/config.js', 436, 420 ]
517 silly gunzTarPerm extractEntry scripts/build/development.js
518 silly gunzTarPerm modified mode [ 'scripts/build/development.js', 436, 420 ]
519 silly gunzTarPerm extractEntry scripts/build/production.js
520 silly gunzTarPerm modified mode [ 'scripts/build/production.js', 436, 420 ]
521 silly gunzTarPerm extractEntry scripts/build/utils.js
522 silly gunzTarPerm modified mode [ 'scripts/build/utils.js', 436, 420 ]
523 silly gunzTarPerm extractEntry scripts/test/
524 silly gunzTarPerm modified mode [ 'scripts/test/', 509, 493 ]
525 silly gunzTarPerm extractEntry scripts/test/environment.js
526 silly gunzTarPerm modified mode [ 'scripts/test/environment.js', 436, 420 ]
527 silly gunzTarPerm extractEntry scripts/test/helper.js
528 silly gunzTarPerm modified mode [ 'scripts/test/helper.js', 436, 420 ]
529 silly gunzTarPerm extractEntry scripts/test/helpers/
530 silly gunzTarPerm modified mode [ 'scripts/test/helpers/', 509, 493 ]
531 silly gunzTarPerm extractEntry scripts/test/helpers/constants.js
532 silly gunzTarPerm modified mode [ 'scripts/test/helpers/constants.js', 436, 420 ]
533 silly gunzTarPerm extractEntry scripts/test/helpers/environment.js
534 silly gunzTarPerm modified mode [ 'scripts/test/helpers/environment.js', 436, 420 ]
535 silly gunzTarPerm extractEntry scripts/test/helpers/event.js
536 silly gunzTarPerm modified mode [ 'scripts/test/helpers/event.js', 436, 420 ]
537 silly gunzTarPerm extractEntry scripts/test/helpers/index.js
538 silly gunzTarPerm modified mode [ 'scripts/test/helpers/index.js', 436, 420 ]
539 silly gunzTarPerm extractEntry scripts/test/helpers/module.js
540 silly gunzTarPerm modified mode [ 'scripts/test/helpers/module.js', 436, 420 ]
541 silly gunzTarPerm extractEntry scripts/test/helpers/plugin.js
542 silly gunzTarPerm modified mode [ 'scripts/test/helpers/plugin.js', 436, 420 ]
543 silly gunzTarPerm extractEntry scripts/test/helpers/sensor.js
544 silly gunzTarPerm modified mode [ 'scripts/test/helpers/sensor.js', 436, 420 ]
545 silly gunzTarPerm extractEntry scripts/test/matchers/
546 silly gunzTarPerm modified mode [ 'scripts/test/matchers/', 509, 493 ]
547 silly gunzTarPerm extractEntry scripts/test/matchers/dom-event.js
548 silly gunzTarPerm modified mode [ 'scripts/test/matchers/dom-event.js', 436, 420 ]
549 silly gunzTarPerm extractEntry scripts/test/matchers/event.js
550 silly gunzTarPerm modified mode [ 'scripts/test/matchers/event.js', 436, 420 ]
551 silly gunzTarPerm extractEntry scripts/test/matchers/index.js
552 silly gunzTarPerm modified mode [ 'scripts/test/matchers/index.js', 436, 420 ]
553 silly gunzTarPerm extractEntry scripts/test/matchers/order.js
554 silly gunzTarPerm modified mode [ 'scripts/test/matchers/order.js', 436, 420 ]
555 silly gunzTarPerm extractEntry scripts/test/matchers/sensor.js
556 silly gunzTarPerm modified mode [ 'scripts/test/matchers/sensor.js', 436, 420 ]
557 silly gunzTarPerm extractEntry scripts/test/matchers/utils.js
558 silly gunzTarPerm modified mode [ 'scripts/test/matchers/utils.js', 436, 420 ]
559 silly gunzTarPerm extractEntry scripts/test/setup.js
560 silly gunzTarPerm modified mode [ 'scripts/test/setup.js', 436, 420 ]
561 silly gunzTarPerm extractEntry scripts/watch.js
562 silly gunzTarPerm modified mode [ 'scripts/watch.js', 436, 420 ]
563 silly gunzTarPerm extractEntry src/
564 silly gunzTarPerm modified mode [ 'src/', 509, 493 ]
565 silly gunzTarPerm extractEntry src/Draggable/
566 silly gunzTarPerm modified mode [ 'src/Draggable/', 509, 493 ]
567 silly gunzTarPerm extractEntry src/Draggable/DragEvent/
568 silly gunzTarPerm modified mode [ 'src/Draggable/DragEvent/', 509, 493 ]
569 silly gunzTarPerm extractEntry src/Draggable/DragEvent/DragEvent.js
570 silly gunzTarPerm modified mode [ 'src/Draggable/DragEvent/DragEvent.js', 436, 420 ]
571 silly gunzTarPerm extractEntry src/Draggable/DragEvent/README.md
572 silly gunzTarPerm modified mode [ 'src/Draggable/DragEvent/README.md', 436, 420 ]
573 silly gunzTarPerm extractEntry src/Draggable/DragEvent/index.js
574 silly gunzTarPerm modified mode [ 'src/Draggable/DragEvent/index.js', 436, 420 ]
575 silly gunzTarPerm extractEntry src/Draggable/DragEvent/tests/
576 silly gunzTarPerm modified mode [ 'src/Draggable/DragEvent/tests/', 509, 493 ]
577 silly gunzTarPerm extractEntry src/Draggable/DragEvent/tests/DragEvent.test.js
578 silly gunzTarPerm modified mode [ 'src/Draggable/DragEvent/tests/DragEvent.test.js', 436, 420 ]
579 silly gunzTarPerm extractEntry src/Draggable/Draggable.js
580 silly gunzTarPerm modified mode [ 'src/Draggable/Draggable.js', 436, 420 ]
581 silly gunzTarPerm extractEntry src/Draggable/DraggableEvent/
582 silly gunzTarPerm modified mode [ 'src/Draggable/DraggableEvent/', 509, 493 ]
583 silly gunzTarPerm extractEntry src/Draggable/DraggableEvent/DraggableEvent.js
584 silly gunzTarPerm modified mode [ 'src/Draggable/DraggableEvent/DraggableEvent.js', 436, 420 ]
585 silly gunzTarPerm extractEntry src/Draggable/DraggableEvent/README.md
586 silly gunzTarPerm modified mode [ 'src/Draggable/DraggableEvent/README.md', 436, 420 ]
587 silly gunzTarPerm extractEntry src/Draggable/DraggableEvent/index.js
588 silly gunzTarPerm modified mode [ 'src/Draggable/DraggableEvent/index.js', 436, 420 ]
589 silly gunzTarPerm extractEntry src/Draggable/Emitter/
590 silly gunzTarPerm modified mode [ 'src/Draggable/Emitter/', 509, 493 ]
591 silly gunzTarPerm extractEntry src/Draggable/Emitter/Emitter.js
592 silly gunzTarPerm modified mode [ 'src/Draggable/Emitter/Emitter.js', 436, 420 ]
593 silly gunzTarPerm extractEntry src/Draggable/Emitter/index.js
594 silly gunzTarPerm modified mode [ 'src/Draggable/Emitter/index.js', 436, 420 ]
595 silly gunzTarPerm extractEntry src/Draggable/Emitter/tests/
596 silly gunzTarPerm modified mode [ 'src/Draggable/Emitter/tests/', 509, 493 ]
597 silly gunzTarPerm extractEntry src/Draggable/Emitter/tests/Emitter.test.js
598 silly gunzTarPerm modified mode [ 'src/Draggable/Emitter/tests/Emitter.test.js', 436, 420 ]
599 silly gunzTarPerm extractEntry src/Draggable/Plugins/
600 silly gunzTarPerm modified mode [ 'src/Draggable/Plugins/', 509, 493 ]
601 silly gunzTarPerm extractEntry src/Draggable/Plugins/Announcement/
602 silly gunzTarPerm modified mode [ 'src/Draggable/Plugins/Announcement/', 509, 493 ]
603 silly gunzTarPerm extractEntry src/Draggable/Plugins/Announcement/Announcement.js
604 silly gunzTarPerm modified mode [ 'src/Draggable/Plugins/Announcement/Announcement.js',
604 silly gunzTarPerm   436,
604 silly gunzTarPerm   420 ]
605 silly gunzTarPerm extractEntry src/Draggable/Plugins/Announcement/README.md
606 silly gunzTarPerm modified mode [ 'src/Draggable/Plugins/Announcement/README.md', 436, 420 ]
607 silly gunzTarPerm extractEntry src/Draggable/Plugins/Announcement/index.js
608 silly gunzTarPerm modified mode [ 'src/Draggable/Plugins/Announcement/index.js', 436, 420 ]
609 silly gunzTarPerm extractEntry src/Draggable/Plugins/Focusable/
610 silly gunzTarPerm modified mode [ 'src/Draggable/Plugins/Focusable/', 509, 493 ]
611 silly gunzTarPerm extractEntry src/Draggable/Plugins/Focusable/Focusable.js
612 silly gunzTarPerm modified mode [ 'src/Draggable/Plugins/Focusable/Focusable.js', 436, 420 ]
613 silly gunzTarPerm extractEntry src/Draggable/Plugins/Focusable/README.md
614 silly gunzTarPerm modified mode [ 'src/Draggable/Plugins/Focusable/README.md', 436, 420 ]
615 silly gunzTarPerm extractEntry src/Draggable/Plugins/Focusable/index.js
616 silly gunzTarPerm modified mode [ 'src/Draggable/Plugins/Focusable/index.js', 436, 420 ]
617 silly gunzTarPerm extractEntry src/Draggable/Plugins/Focusable/tests/
618 silly gunzTarPerm modified mode [ 'src/Draggable/Plugins/Focusable/tests/', 509, 493 ]
619 silly gunzTarPerm extractEntry src/Draggable/Plugins/Focusable/tests/Focusable.test.js
620 silly gunzTarPerm modified mode [ 'src/Draggable/Plugins/Focusable/tests/Focusable.test.js',
620 silly gunzTarPerm   436,
620 silly gunzTarPerm   420 ]
621 silly gunzTarPerm extractEntry src/Draggable/Plugins/Mirror/
622 silly gunzTarPerm modified mode [ 'src/Draggable/Plugins/Mirror/', 509, 493 ]
623 silly gunzTarPerm extractEntry src/Draggable/Plugins/Mirror/Mirror.js
624 silly gunzTarPerm modified mode [ 'src/Draggable/Plugins/Mirror/Mirror.js', 436, 420 ]
625 silly gunzTarPerm extractEntry src/Draggable/Plugins/Mirror/MirrorEvent/
626 silly gunzTarPerm modified mode [ 'src/Draggable/Plugins/Mirror/MirrorEvent/', 509, 493 ]
627 silly gunzTarPerm extractEntry src/Draggable/Plugins/Mirror/MirrorEvent/MirrorEvent.js
628 silly gunzTarPerm modified mode [ 'src/Draggable/Plugins/Mirror/MirrorEvent/MirrorEvent.js',
628 silly gunzTarPerm   436,
628 silly gunzTarPerm   420 ]
629 silly gunzTarPerm extractEntry src/Draggable/Plugins/Mirror/MirrorEvent/README.md
630 silly gunzTarPerm modified mode [ 'src/Draggable/Plugins/Mirror/MirrorEvent/README.md',
630 silly gunzTarPerm   436,
630 silly gunzTarPerm   420 ]
631 silly gunzTarPerm extractEntry src/Draggable/Plugins/Mirror/MirrorEvent/index.js
632 silly gunzTarPerm modified mode [ 'src/Draggable/Plugins/Mirror/MirrorEvent/index.js', 436, 420 ]
633 silly gunzTarPerm extractEntry src/Draggable/Plugins/Mirror/README.md
634 silly gunzTarPerm modified mode [ 'src/Draggable/Plugins/Mirror/README.md', 436, 420 ]
635 silly gunzTarPerm extractEntry src/Draggable/Plugins/Mirror/index.js
636 silly gunzTarPerm modified mode [ 'src/Draggable/Plugins/Mirror/index.js', 436, 420 ]
637 silly gunzTarPerm extractEntry src/Draggable/Plugins/Mirror/tests/
638 silly gunzTarPerm modified mode [ 'src/Draggable/Plugins/Mirror/tests/', 509, 493 ]
639 silly gunzTarPerm extractEntry src/Draggable/Plugins/Mirror/tests/Mirror.test.js
640 silly gunzTarPerm modified mode [ 'src/Draggable/Plugins/Mirror/tests/Mirror.test.js', 436, 420 ]
641 silly gunzTarPerm extractEntry src/Draggable/Plugins/README.md
642 silly gunzTarPerm modified mode [ 'src/Draggable/Plugins/README.md', 436, 420 ]
643 silly gunzTarPerm extractEntry src/Draggable/Plugins/Scrollable/
644 silly gunzTarPerm modified mode [ 'src/Draggable/Plugins/Scrollable/', 509, 493 ]
645 silly gunzTarPerm extractEntry src/Draggable/Plugins/Scrollable/README.md
646 silly gunzTarPerm modified mode [ 'src/Draggable/Plugins/Scrollable/README.md', 436, 420 ]
647 silly gunzTarPerm extractEntry src/Draggable/Plugins/Scrollable/Scrollable.js
648 silly gunzTarPerm modified mode [ 'src/Draggable/Plugins/Scrollable/Scrollable.js', 436, 420 ]
649 silly gunzTarPerm extractEntry src/Draggable/Plugins/Scrollable/index.js
650 silly gunzTarPerm modified mode [ 'src/Draggable/Plugins/Scrollable/index.js', 436, 420 ]
651 silly gunzTarPerm extractEntry src/Draggable/Plugins/index.js
652 silly gunzTarPerm modified mode [ 'src/Draggable/Plugins/index.js', 436, 420 ]
653 silly gunzTarPerm extractEntry src/Draggable/README.md
654 silly gunzTarPerm modified mode [ 'src/Draggable/README.md', 436, 420 ]
655 silly gunzTarPerm extractEntry src/Draggable/Sensors/
656 silly gunzTarPerm modified mode [ 'src/Draggable/Sensors/', 509, 493 ]
657 silly gunzTarPerm extractEntry src/Draggable/Sensors/DragSensor/
658 silly gunzTarPerm modified mode [ 'src/Draggable/Sensors/DragSensor/', 509, 493 ]
659 silly gunzTarPerm extractEntry src/Draggable/Sensors/DragSensor/DragSensor.js
660 silly gunzTarPerm modified mode [ 'src/Draggable/Sensors/DragSensor/DragSensor.js', 436, 420 ]
661 silly gunzTarPerm extractEntry src/Draggable/Sensors/DragSensor/README.md
662 silly gunzTarPerm modified mode [ 'src/Draggable/Sensors/DragSensor/README.md', 436, 420 ]
663 silly gunzTarPerm extractEntry src/Draggable/Sensors/DragSensor/index.js
664 silly gunzTarPerm modified mode [ 'src/Draggable/Sensors/DragSensor/index.js', 436, 420 ]
665 silly gunzTarPerm extractEntry src/Draggable/Sensors/DragSensor/tests/
666 silly gunzTarPerm modified mode [ 'src/Draggable/Sensors/DragSensor/tests/', 509, 493 ]
667 silly gunzTarPerm extractEntry src/Draggable/Sensors/DragSensor/tests/DragSensor.test.js
668 silly gunzTarPerm modified mode [ 'src/Draggable/Sensors/DragSensor/tests/DragSensor.test.js',
668 silly gunzTarPerm   436,
668 silly gunzTarPerm   420 ]
669 silly gunzTarPerm extractEntry src/Draggable/Sensors/ForceTouchSensor/
670 silly gunzTarPerm modified mode [ 'src/Draggable/Sensors/ForceTouchSensor/', 509, 493 ]
671 silly gunzTarPerm extractEntry src/Draggable/Sensors/ForceTouchSensor/ForceTouchSensor.js
672 silly gunzTarPerm modified mode [ 'src/Draggable/Sensors/ForceTouchSensor/ForceTouchSensor.js',
672 silly gunzTarPerm   436,
672 silly gunzTarPerm   420 ]
673 silly gunzTarPerm extractEntry src/Draggable/Sensors/ForceTouchSensor/README.md
674 silly gunzTarPerm modified mode [ 'src/Draggable/Sensors/ForceTouchSensor/README.md', 436, 420 ]
675 silly gunzTarPerm extractEntry src/Draggable/Sensors/ForceTouchSensor/index.js
676 silly gunzTarPerm modified mode [ 'src/Draggable/Sensors/ForceTouchSensor/index.js', 436, 420 ]
677 silly gunzTarPerm extractEntry src/Draggable/Sensors/MouseSensor/
678 silly gunzTarPerm modified mode [ 'src/Draggable/Sensors/MouseSensor/', 509, 493 ]
679 silly gunzTarPerm extractEntry src/Draggable/Sensors/MouseSensor/MouseSensor.js
680 silly gunzTarPerm modified mode [ 'src/Draggable/Sensors/MouseSensor/MouseSensor.js', 436, 420 ]
681 silly gunzTarPerm extractEntry src/Draggable/Sensors/MouseSensor/README.md
682 silly gunzTarPerm modified mode [ 'src/Draggable/Sensors/MouseSensor/README.md', 436, 420 ]
683 silly gunzTarPerm extractEntry src/Draggable/Sensors/MouseSensor/index.js
684 silly gunzTarPerm modified mode [ 'src/Draggable/Sensors/MouseSensor/index.js', 436, 420 ]
685 silly gunzTarPerm extractEntry src/Draggable/Sensors/MouseSensor/tests/
686 silly gunzTarPerm modified mode [ 'src/Draggable/Sensors/MouseSensor/tests/', 509, 493 ]
687 silly gunzTarPerm extractEntry src/Draggable/Sensors/MouseSensor/tests/MouseSensor.test.js
688 silly gunzTarPerm modified mode [ 'src/Draggable/Sensors/MouseSensor/tests/MouseSensor.test.js',
688 silly gunzTarPerm   436,
688 silly gunzTarPerm   420 ]
689 silly gunzTarPerm extractEntry src/Draggable/Sensors/README.md
690 silly gunzTarPerm modified mode [ 'src/Draggable/Sensors/README.md', 436, 420 ]
691 silly gunzTarPerm extractEntry src/Draggable/Sensors/Sensor/
692 silly gunzTarPerm modified mode [ 'src/Draggable/Sensors/Sensor/', 509, 493 ]
693 silly gunzTarPerm extractEntry src/Draggable/Sensors/Sensor/README.md
694 silly gunzTarPerm modified mode [ 'src/Draggable/Sensors/Sensor/README.md', 436, 420 ]
695 silly gunzTarPerm extractEntry src/Draggable/Sensors/Sensor/Sensor.js
696 silly gunzTarPerm modified mode [ 'src/Draggable/Sensors/Sensor/Sensor.js', 436, 420 ]
697 silly gunzTarPerm extractEntry src/Draggable/Sensors/Sensor/index.js
698 silly gunzTarPerm modified mode [ 'src/Draggable/Sensors/Sensor/index.js', 436, 420 ]
699 silly gunzTarPerm extractEntry src/Draggable/Sensors/Sensor/tests/
700 silly gunzTarPerm modified mode [ 'src/Draggable/Sensors/Sensor/tests/', 509, 493 ]
701 silly gunzTarPerm extractEntry src/Draggable/Sensors/Sensor/tests/Sensor.test.js
702 silly gunzTarPerm modified mode [ 'src/Draggable/Sensors/Sensor/tests/Sensor.test.js', 436, 420 ]
703 silly gunzTarPerm extractEntry src/Draggable/Sensors/SensorEvent/
704 silly gunzTarPerm modified mode [ 'src/Draggable/Sensors/SensorEvent/', 509, 493 ]
705 silly gunzTarPerm extractEntry src/Draggable/Sensors/SensorEvent/README.md
706 silly gunzTarPerm modified mode [ 'src/Draggable/Sensors/SensorEvent/README.md', 436, 420 ]
707 silly gunzTarPerm extractEntry src/Draggable/Sensors/SensorEvent/SensorEvent.js
708 silly gunzTarPerm modified mode [ 'src/Draggable/Sensors/SensorEvent/SensorEvent.js', 436, 420 ]
709 silly gunzTarPerm extractEntry src/Draggable/Sensors/SensorEvent/index.js
710 silly gunzTarPerm modified mode [ 'src/Draggable/Sensors/SensorEvent/index.js', 436, 420 ]
711 silly gunzTarPerm extractEntry src/Draggable/Sensors/TouchSensor/
712 silly gunzTarPerm modified mode [ 'src/Draggable/Sensors/TouchSensor/', 509, 493 ]
713 silly gunzTarPerm extractEntry src/Draggable/Sensors/TouchSensor/README.md
714 silly gunzTarPerm modified mode [ 'src/Draggable/Sensors/TouchSensor/README.md', 436, 420 ]
715 silly gunzTarPerm extractEntry src/Draggable/Sensors/TouchSensor/TouchSensor.js
716 silly gunzTarPerm modified mode [ 'src/Draggable/Sensors/TouchSensor/TouchSensor.js', 436, 420 ]
717 silly gunzTarPerm extractEntry src/Draggable/Sensors/TouchSensor/index.js
718 silly gunzTarPerm modified mode [ 'src/Draggable/Sensors/TouchSensor/index.js', 436, 420 ]
719 silly gunzTarPerm extractEntry src/Draggable/Sensors/TouchSensor/tests/
720 silly gunzTarPerm modified mode [ 'src/Draggable/Sensors/TouchSensor/tests/', 509, 493 ]
721 silly gunzTarPerm extractEntry src/Draggable/Sensors/TouchSensor/tests/TouchSensor.test.js
722 silly gunzTarPerm modified mode [ 'src/Draggable/Sensors/TouchSensor/tests/TouchSensor.test.js',
722 silly gunzTarPerm   436,
722 silly gunzTarPerm   420 ]
723 silly gunzTarPerm extractEntry src/Draggable/Sensors/index.js
724 silly gunzTarPerm modified mode [ 'src/Draggable/Sensors/index.js', 436, 420 ]
725 silly gunzTarPerm extractEntry src/Draggable/index.js
726 silly gunzTarPerm modified mode [ 'src/Draggable/index.js', 436, 420 ]
727 silly gunzTarPerm extractEntry src/Draggable/tests/
728 silly gunzTarPerm modified mode [ 'src/Draggable/tests/', 509, 493 ]
729 silly gunzTarPerm extractEntry src/Draggable/tests/Draggable.test.js
730 silly gunzTarPerm modified mode [ 'src/Draggable/tests/Draggable.test.js', 436, 420 ]
731 silly gunzTarPerm extractEntry src/Droppable/
732 silly gunzTarPerm modified mode [ 'src/Droppable/', 509, 493 ]
733 silly gunzTarPerm extractEntry src/Droppable/Droppable.js
734 silly gunzTarPerm modified mode [ 'src/Droppable/Droppable.js', 436, 420 ]
735 silly gunzTarPerm extractEntry src/Droppable/DroppableEvent/
736 silly gunzTarPerm modified mode [ 'src/Droppable/DroppableEvent/', 509, 493 ]
737 silly gunzTarPerm extractEntry src/Droppable/DroppableEvent/DroppableEvent.js
738 silly gunzTarPerm modified mode [ 'src/Droppable/DroppableEvent/DroppableEvent.js', 436, 420 ]
739 silly gunzTarPerm extractEntry src/Droppable/DroppableEvent/README.md
740 silly gunzTarPerm modified mode [ 'src/Droppable/DroppableEvent/README.md', 436, 420 ]
741 silly gunzTarPerm extractEntry src/Droppable/DroppableEvent/index.js
742 silly gunzTarPerm modified mode [ 'src/Droppable/DroppableEvent/index.js', 436, 420 ]
743 silly gunzTarPerm extractEntry src/Droppable/README.md
744 silly gunzTarPerm modified mode [ 'src/Droppable/README.md', 436, 420 ]
745 silly gunzTarPerm extractEntry src/Droppable/index.js
746 silly gunzTarPerm modified mode [ 'src/Droppable/index.js', 436, 420 ]
747 silly gunzTarPerm extractEntry src/Droppable/tests/
748 silly gunzTarPerm modified mode [ 'src/Droppable/tests/', 509, 493 ]
749 silly gunzTarPerm extractEntry src/Droppable/tests/Droppable.test.js
750 silly gunzTarPerm modified mode [ 'src/Droppable/tests/Droppable.test.js', 436, 420 ]
751 silly gunzTarPerm extractEntry src/Plugins/
752 silly gunzTarPerm modified mode [ 'src/Plugins/', 509, 493 ]
753 silly gunzTarPerm extractEntry src/Plugins/Collidable/
754 silly gunzTarPerm modified mode [ 'src/Plugins/Collidable/', 509, 493 ]
755 silly gunzTarPerm extractEntry src/Plugins/Collidable/Collidable.js
756 silly gunzTarPerm modified mode [ 'src/Plugins/Collidable/Collidable.js', 436, 420 ]
757 silly gunzTarPerm extractEntry src/Plugins/Collidable/CollidableEvent/
758 silly gunzTarPerm modified mode [ 'src/Plugins/Collidable/CollidableEvent/', 509, 493 ]
759 silly gunzTarPerm extractEntry src/Plugins/Collidable/CollidableEvent/CollidableEvent.js
760 silly gunzTarPerm modified mode [ 'src/Plugins/Collidable/CollidableEvent/CollidableEvent.js',
760 silly gunzTarPerm   436,
760 silly gunzTarPerm   420 ]
761 silly gunzTarPerm extractEntry src/Plugins/Collidable/CollidableEvent/README.md
762 silly gunzTarPerm modified mode [ 'src/Plugins/Collidable/CollidableEvent/README.md', 436, 420 ]
763 silly gunzTarPerm extractEntry src/Plugins/Collidable/CollidableEvent/index.js
764 silly gunzTarPerm modified mode [ 'src/Plugins/Collidable/CollidableEvent/index.js', 436, 420 ]
765 silly gunzTarPerm extractEntry src/Plugins/Collidable/README.md
766 silly gunzTarPerm modified mode [ 'src/Plugins/Collidable/README.md', 436, 420 ]
767 silly gunzTarPerm extractEntry src/Plugins/Collidable/index.js
768 silly gunzTarPerm modified mode [ 'src/Plugins/Collidable/index.js', 436, 420 ]
769 silly gunzTarPerm extractEntry src/Plugins/README.md
770 silly gunzTarPerm modified mode [ 'src/Plugins/README.md', 436, 420 ]
771 silly gunzTarPerm extractEntry src/Plugins/ResizeMirror/
772 silly gunzTarPerm modified mode [ 'src/Plugins/ResizeMirror/', 509, 493 ]
773 silly gunzTarPerm extractEntry src/Plugins/ResizeMirror/README.md
774 silly gunzTarPerm modified mode [ 'src/Plugins/ResizeMirror/README.md', 436, 420 ]
775 silly gunzTarPerm extractEntry src/Plugins/ResizeMirror/ResizeMirror.js
776 silly gunzTarPerm modified mode [ 'src/Plugins/ResizeMirror/ResizeMirror.js', 436, 420 ]
777 silly gunzTarPerm extractEntry src/Plugins/ResizeMirror/index.js
778 silly gunzTarPerm modified mode [ 'src/Plugins/ResizeMirror/index.js', 436, 420 ]
779 silly gunzTarPerm extractEntry src/Plugins/ResizeMirror/tests/
780 silly gunzTarPerm modified mode [ 'src/Plugins/ResizeMirror/tests/', 509, 493 ]
781 silly gunzTarPerm extractEntry src/Plugins/ResizeMirror/tests/ResizeMirror.test.js
782 silly gunzTarPerm modified mode [ 'src/Plugins/ResizeMirror/tests/ResizeMirror.test.js',
782 silly gunzTarPerm   436,
782 silly gunzTarPerm   420 ]
783 silly gunzTarPerm extractEntry src/Plugins/Snappable/
784 silly gunzTarPerm modified mode [ 'src/Plugins/Snappable/', 509, 493 ]
785 silly gunzTarPerm extractEntry src/Plugins/Snappable/README.md
786 silly gunzTarPerm modified mode [ 'src/Plugins/Snappable/README.md', 436, 420 ]
787 silly gunzTarPerm extractEntry src/Plugins/Snappable/Snappable.js
788 silly gunzTarPerm modified mode [ 'src/Plugins/Snappable/Snappable.js', 436, 420 ]
789 silly gunzTarPerm extractEntry src/Plugins/Snappable/SnappableEvent/
790 silly gunzTarPerm modified mode [ 'src/Plugins/Snappable/SnappableEvent/', 509, 493 ]
791 silly gunzTarPerm extractEntry src/Plugins/Snappable/SnappableEvent/README.md
792 silly gunzTarPerm modified mode [ 'src/Plugins/Snappable/SnappableEvent/README.md', 436, 420 ]
793 silly gunzTarPerm extractEntry src/Plugins/Snappable/SnappableEvent/SnappableEvent.js
794 silly gunzTarPerm modified mode [ 'src/Plugins/Snappable/SnappableEvent/SnappableEvent.js',
794 silly gunzTarPerm   436,
794 silly gunzTarPerm   420 ]
795 silly gunzTarPerm extractEntry src/Plugins/Snappable/SnappableEvent/index.js
796 silly gunzTarPerm modified mode [ 'src/Plugins/Snappable/SnappableEvent/index.js', 436, 420 ]
797 silly gunzTarPerm extractEntry src/Plugins/Snappable/index.js
798 silly gunzTarPerm modified mode [ 'src/Plugins/Snappable/index.js', 436, 420 ]
799 silly gunzTarPerm extractEntry src/Plugins/SwapAnimation/
800 silly gunzTarPerm modified mode [ 'src/Plugins/SwapAnimation/', 509, 493 ]
801 silly gunzTarPerm extractEntry src/Plugins/SwapAnimation/README.md
802 silly gunzTarPerm modified mode [ 'src/Plugins/SwapAnimation/README.md', 436, 420 ]
803 silly gunzTarPerm extractEntry src/Plugins/SwapAnimation/SwapAnimation.js
804 silly gunzTarPerm modified mode [ 'src/Plugins/SwapAnimation/SwapAnimation.js', 436, 420 ]
805 silly gunzTarPerm extractEntry src/Plugins/SwapAnimation/index.js
806 silly gunzTarPerm modified mode [ 'src/Plugins/SwapAnimation/index.js', 436, 420 ]
807 silly gunzTarPerm extractEntry src/Plugins/index.js
808 silly gunzTarPerm modified mode [ 'src/Plugins/index.js', 436, 420 ]
809 silly gunzTarPerm extractEntry src/Sortable/
810 silly gunzTarPerm modified mode [ 'src/Sortable/', 509, 493 ]
811 silly gunzTarPerm extractEntry src/Sortable/README.md
812 silly gunzTarPerm modified mode [ 'src/Sortable/README.md', 436, 420 ]
813 silly gunzTarPerm extractEntry src/Sortable/Sortable.js
814 silly gunzTarPerm modified mode [ 'src/Sortable/Sortable.js', 436, 420 ]
815 silly gunzTarPerm extractEntry src/Sortable/SortableEvent/
816 silly gunzTarPerm modified mode [ 'src/Sortable/SortableEvent/', 509, 493 ]
817 silly gunzTarPerm extractEntry src/Sortable/SortableEvent/README.md
818 silly gunzTarPerm modified mode [ 'src/Sortable/SortableEvent/README.md', 436, 420 ]
819 silly gunzTarPerm extractEntry src/Sortable/SortableEvent/SortableEvent.js
820 silly gunzTarPerm modified mode [ 'src/Sortable/SortableEvent/SortableEvent.js', 436, 420 ]
821 silly gunzTarPerm extractEntry src/Sortable/SortableEvent/index.js
822 silly gunzTarPerm modified mode [ 'src/Sortable/SortableEvent/index.js', 436, 420 ]
823 silly gunzTarPerm extractEntry src/Sortable/index.js
824 silly gunzTarPerm modified mode [ 'src/Sortable/index.js', 436, 420 ]
825 silly gunzTarPerm extractEntry src/Sortable/tests/
826 silly gunzTarPerm modified mode [ 'src/Sortable/tests/', 509, 493 ]
827 silly gunzTarPerm extractEntry src/Sortable/tests/Sortable.test.js
828 silly gunzTarPerm modified mode [ 'src/Sortable/tests/Sortable.test.js', 436, 420 ]
829 silly gunzTarPerm extractEntry src/Swappable/
830 silly gunzTarPerm modified mode [ 'src/Swappable/', 509, 493 ]
831 silly gunzTarPerm extractEntry src/Swappable/README.md
832 silly gunzTarPerm modified mode [ 'src/Swappable/README.md', 436, 420 ]
833 silly gunzTarPerm extractEntry src/Swappable/Swappable.js
834 silly gunzTarPerm modified mode [ 'src/Swappable/Swappable.js', 436, 420 ]
835 silly gunzTarPerm extractEntry src/Swappable/SwappableEvent/
836 silly gunzTarPerm modified mode [ 'src/Swappable/SwappableEvent/', 509, 493 ]
837 silly gunzTarPerm extractEntry src/Swappable/SwappableEvent/README.md
838 silly gunzTarPerm modified mode [ 'src/Swappable/SwappableEvent/README.md', 436, 420 ]
839 silly gunzTarPerm extractEntry src/Swappable/SwappableEvent/SwappableEvent.js
840 silly gunzTarPerm modified mode [ 'src/Swappable/SwappableEvent/SwappableEvent.js', 436, 420 ]
841 silly gunzTarPerm extractEntry src/Swappable/SwappableEvent/index.js
842 silly gunzTarPerm modified mode [ 'src/Swappable/SwappableEvent/index.js', 436, 420 ]
843 silly gunzTarPerm extractEntry src/Swappable/index.js
844 silly gunzTarPerm modified mode [ 'src/Swappable/index.js', 436, 420 ]
845 silly gunzTarPerm extractEntry src/Swappable/tests/
846 silly gunzTarPerm modified mode [ 'src/Swappable/tests/', 509, 493 ]
847 silly gunzTarPerm extractEntry src/Swappable/tests/Swappable.test.js
848 silly gunzTarPerm modified mode [ 'src/Swappable/tests/Swappable.test.js', 436, 420 ]
849 silly gunzTarPerm extractEntry src/index.js
850 silly gunzTarPerm modified mode [ 'src/index.js', 436, 420 ]
851 silly gunzTarPerm extractEntry src/index.legacy.js
852 silly gunzTarPerm modified mode [ 'src/index.legacy.js', 436, 420 ]
853 silly gunzTarPerm extractEntry src/shared/
854 silly gunzTarPerm modified mode [ 'src/shared/', 509, 493 ]
855 silly gunzTarPerm extractEntry src/shared/AbstractEvent/
856 silly gunzTarPerm modified mode [ 'src/shared/AbstractEvent/', 509, 493 ]
857 silly gunzTarPerm extractEntry src/shared/AbstractEvent/AbstractEvent.js
858 silly gunzTarPerm modified mode [ 'src/shared/AbstractEvent/AbstractEvent.js', 436, 420 ]
859 silly gunzTarPerm extractEntry src/shared/AbstractEvent/README.md
860 silly gunzTarPerm modified mode [ 'src/shared/AbstractEvent/README.md', 436, 420 ]
861 silly gunzTarPerm extractEntry src/shared/AbstractEvent/index.js
862 silly gunzTarPerm modified mode [ 'src/shared/AbstractEvent/index.js', 436, 420 ]
863 silly gunzTarPerm extractEntry src/shared/AbstractEvent/tests/
864 silly gunzTarPerm modified mode [ 'src/shared/AbstractEvent/tests/', 509, 493 ]
865 silly gunzTarPerm extractEntry src/shared/AbstractEvent/tests/AbstractEvent.test.js
866 silly gunzTarPerm modified mode [ 'src/shared/AbstractEvent/tests/AbstractEvent.test.js',
866 silly gunzTarPerm   436,
866 silly gunzTarPerm   420 ]
867 silly gunzTarPerm extractEntry src/shared/AbstractPlugin/
868 silly gunzTarPerm modified mode [ 'src/shared/AbstractPlugin/', 509, 493 ]
869 silly gunzTarPerm extractEntry src/shared/AbstractPlugin/AbstractPlugin.js
870 silly gunzTarPerm modified mode [ 'src/shared/AbstractPlugin/AbstractPlugin.js', 436, 420 ]
871 silly gunzTarPerm extractEntry src/shared/AbstractPlugin/README.md
872 silly gunzTarPerm modified mode [ 'src/shared/AbstractPlugin/README.md', 436, 420 ]
873 silly gunzTarPerm extractEntry src/shared/AbstractPlugin/index.js
874 silly gunzTarPerm modified mode [ 'src/shared/AbstractPlugin/index.js', 436, 420 ]
875 silly gunzTarPerm extractEntry src/shared/README.md
876 silly gunzTarPerm modified mode [ 'src/shared/README.md', 436, 420 ]
877 silly gunzTarPerm extractEntry src/shared/utils/
878 silly gunzTarPerm modified mode [ 'src/shared/utils/', 509, 493 ]
879 silly gunzTarPerm extractEntry src/shared/utils/README.md
880 silly gunzTarPerm modified mode [ 'src/shared/utils/README.md', 436, 420 ]
881 silly gunzTarPerm extractEntry src/shared/utils/closest/
882 silly gunzTarPerm modified mode [ 'src/shared/utils/closest/', 509, 493 ]
883 silly gunzTarPerm extractEntry src/shared/utils/closest/README.md
884 silly gunzTarPerm modified mode [ 'src/shared/utils/closest/README.md', 436, 420 ]
885 silly gunzTarPerm extractEntry src/shared/utils/closest/closest.js
886 silly gunzTarPerm modified mode [ 'src/shared/utils/closest/closest.js', 436, 420 ]
887 silly gunzTarPerm extractEntry src/shared/utils/closest/index.js
888 silly gunzTarPerm modified mode [ 'src/shared/utils/closest/index.js', 436, 420 ]
889 silly gunzTarPerm extractEntry src/shared/utils/closest/tests/
890 silly gunzTarPerm modified mode [ 'src/shared/utils/closest/tests/', 509, 493 ]
891 silly gunzTarPerm extractEntry src/shared/utils/closest/tests/closest.test.js
892 silly gunzTarPerm modified mode [ 'src/shared/utils/closest/tests/closest.test.js', 436, 420 ]
893 silly gunzTarPerm extractEntry src/shared/utils/distance/
894 silly gunzTarPerm modified mode [ 'src/shared/utils/distance/', 509, 493 ]
895 silly gunzTarPerm extractEntry src/shared/utils/distance/distance.js
896 silly gunzTarPerm modified mode [ 'src/shared/utils/distance/distance.js', 436, 420 ]
897 silly gunzTarPerm extractEntry src/shared/utils/distance/index.js
898 silly gunzTarPerm modified mode [ 'src/shared/utils/distance/index.js', 436, 420 ]
899 silly gunzTarPerm extractEntry src/shared/utils/index.js
900 silly gunzTarPerm modified mode [ 'src/shared/utils/index.js', 436, 420 ]
901 silly gunzTarPerm extractEntry src/shared/utils/requestNextAnimationFrame/
902 silly gunzTarPerm modified mode [ 'src/shared/utils/requestNextAnimationFrame/', 509, 493 ]
903 silly gunzTarPerm extractEntry src/shared/utils/requestNextAnimationFrame/README.md
904 silly gunzTarPerm modified mode [ 'src/shared/utils/requestNextAnimationFrame/README.md',
904 silly gunzTarPerm   436,
904 silly gunzTarPerm   420 ]
905 silly gunzTarPerm extractEntry src/shared/utils/requestNextAnimationFrame/index.js
906 silly gunzTarPerm modified mode [ 'src/shared/utils/requestNextAnimationFrame/index.js',
906 silly gunzTarPerm   436,
906 silly gunzTarPerm   420 ]
907 silly gunzTarPerm extractEntry src/shared/utils/requestNextAnimationFrame/requestNextAnimationFrame.js
908 silly gunzTarPerm modified mode [ 'src/shared/utils/requestNextAnimationFrame/requestNextAnimationFrame.js',
908 silly gunzTarPerm   436,
908 silly gunzTarPerm   420 ]
909 silly gunzTarPerm extractEntry src/tests/
910 silly gunzTarPerm modified mode [ 'src/tests/', 509, 493 ]
911 silly gunzTarPerm extractEntry src/tests/bundle.test.js
912 silly gunzTarPerm modified mode [ 'src/tests/bundle.test.js', 436, 420 ]
913 silly gunzTarPerm extractEntry yarn.lock
914 silly gunzTarPerm modified mode [ 'yarn.lock', 436, 420 ]
915 silly lockFile a75a6752--7152845128439367-tmp-tgz-unpack tar:///tmp/npm-14134-ALVoRxBA/1569333095587-0.7152845128439367/tmp.tgz-unpack
916 silly lockFile a75a6752--7152845128439367-tmp-tgz-unpack tar:///tmp/npm-14134-ALVoRxBA/1569333095587-0.7152845128439367/tmp.tgz-unpack
917 silly lockFile a078fcfb-95587-0-7152845128439367-tmp-tgz tar:///tmp/npm-14134-ALVoRxBA/1569333095587-0.7152845128439367/tmp.tgz
918 silly lockFile a078fcfb-95587-0-7152845128439367-tmp-tgz tar:///tmp/npm-14134-ALVoRxBA/1569333095587-0.7152845128439367/tmp.tgz
919 silly lockFile d9c32945-git-github-com-shopify-draggable git://github.com/shopify/draggable
920 silly lockFile d9c32945-git-github-com-shopify-draggable git://github.com/shopify/draggable
921 info maybeGithub Attempting shopify/draggable from git+ssh://git@github.com:shopify/draggable
922 silly lockFile 83b37a69-git-github-com-shopify-draggable git@github.com:shopify/draggable
923 verbose lock git@github.com:shopify/draggable /home/machinekit/.npm/83b37a69-git-github-com-shopify-draggable.lock
924 verbose addRemoteGit [ 'git@github.com:shopify/draggable', 'master' ]
925 error git clone git@github.com:shopify/draggable Cloning into bare repository '/home/machinekit/.npm/_git-remotes/git-github-com-shopify-draggable-83b37a69'...
925 error git clone git@github.com:shopify/draggable Warning: Permanently added 'github.com,140.82.118.3' (RSA) to the list of known hosts.
925 error git clone git@github.com:shopify/draggable Permission denied (publickey).
925 error git clone git@github.com:shopify/draggable fatal: Could not read from remote repository.
925 error git clone git@github.com:shopify/draggable
925 error git clone git@github.com:shopify/draggable Please make sure you have the correct access rights
925 error git clone git@github.com:shopify/draggable and the repository exists.
926 silly lockFile 83b37a69-git-github-com-shopify-draggable git@github.com:shopify/draggable
927 silly lockFile 83b37a69-git-github-com-shopify-draggable git@github.com:shopify/draggable
928 silly lockFile de6644fe-shopify-draggable shopify/draggable
929 silly lockFile de6644fe-shopify-draggable shopify/draggable
930 error addLocal Could not install shopify/draggable
931 error Error: ENOENT, stat 'shopify/draggable'
932 error If you need help, you may report this *entire* log,
932 error including the npm and node versions, at:
932 error     <http://github.com/npm/npm/issues>
933 error System Linux 3.8.13-xenomai-r78
934 error command "/usr/bin/nodejs" "/usr/bin/npm" "install" "@shopify/draggable"
935 error cwd /home/machinekit/devel/webUI
936 error node -v v0.10.42
937 error npm -v 1.4.21
938 error path shopify/draggable
939 error code ENOENT
940 error errno 34
941 verbose exit [ 34, true ]
